Copyright 1986-2018 Xilinx, Inc. All Rights Reserved.
------------------------------------------------------------------------------------
| Tool Version : Vivado v.2018.2 (win64) Build 2258646 Thu Jun 14 20:03:12 MDT 2018
| Date         : Wed Mar 18 16:31:40 2026
| Host         : Shef running 64-bit major release  (build 9200)
| Command      : report_control_sets -verbose -file alu_control_sets_placed.rpt
| Design       : alu
| Device       : xc7a100t
------------------------------------------------------------------------------------

Control Set Information

Table of Contents
-----------------
1. Summary
2. Histogram
3. Flip-Flop Distribution
4. Detailed Control Set Information

1. Summary
----------

+----------------------------------------------------------+-------+
|                          Status                          | Count |
+----------------------------------------------------------+-------+
| Number of unique control sets                            |     6 |
| Unused register locations in slices containing registers |    20 |
+----------------------------------------------------------+-------+


2. Histogram
------------

+--------+--------------+
| Fanout | Control Sets |
+--------+--------------+
|      4 |            1 |
|      6 |            1 |
|     10 |            1 |
|    16+ |            3 |
+--------+--------------+


3. Flip-Flop Distribution
-------------------------

+--------------+-----------------------+------------------------+-----------------+--------------+
| Clock Enable | Synchronous Set/Reset | Asynchronous Set/Reset | Total Registers | Total Slices |
+--------------+-----------------------+------------------------+-----------------+--------------+
| No           | No                    | No                     |               0 |            0 |
| No           | No                    | Yes                    |               6 |            2 |
| No           | Yes                   | No                     |               0 |            0 |
| Yes          | No                    | No                     |               0 |            0 |
| Yes          | No                    | Yes                    |             294 |           56 |
| Yes          | Yes                   | No                     |               0 |            0 |
+--------------+-----------------------+------------------------+-----------------+--------------+


4. Detailed Control Set Information
-----------------------------------

+----------------+-----------------------+---------------------+------------------+----------------+
|  Clock Signal  |     Enable Signal     |   Set/Reset Signal  | Slice Load Count | Bel Load Count |
+----------------+-----------------------+---------------------+------------------+----------------+
|  clk_IBUF_BUFG | busy_o_ff_i_1_n_0     | cmd_i_ff[3]_i_2_n_0 |                1 |              4 |
|  clk_IBUF_BUFG |                       | cmd_i_ff[3]_i_2_n_0 |                2 |              6 |
|  clk_IBUF_BUFG | addr_o_ff[4]_i_1_n_0  | cmd_i_ff[3]_i_2_n_0 |                2 |             10 |
|  clk_IBUF_BUFG | res_o_ff[31]_i_1_n_0  | cmd_i_ff[3]_i_2_n_0 |               13 |             64 |
|  clk_IBUF_BUFG | counter_ff[2]_i_1_n_0 | cmd_i_ff[3]_i_2_n_0 |               10 |             70 |
|  clk_IBUF_BUFG | cmd_i_ff[3]_i_1_n_0   | cmd_i_ff[3]_i_2_n_0 |               30 |            146 |
+----------------+-----------------------+---------------------+------------------+----------------+


